0 info it worked if it ends with ok
1 verbose cli [ '/Users/murphyj/.nvm/versions/node/v6.3.1/bin/node',
1 verbose cli   '/Users/murphyj/.nvm/versions/node/v6.3.1/bin/npm',
1 verbose cli   'install',
1 verbose cli   '--save',
1 verbose cli   'zmq' ]
2 info using npm@3.10.3
3 info using node@v6.3.1
4 silly loadCurrentTree Starting
5 silly install loadCurrentTree
6 silly install readLocalPackageData
7 silly fetchPackageMetaData zmq
8 silly fetchNamedPackageData zmq
9 silly mapToRegistry name zmq
10 silly mapToRegistry using default registry
11 silly mapToRegistry registry https://registry.npmjs.org/
12 silly mapToRegistry data Result {
12 silly mapToRegistry   raw: 'zmq',
12 silly mapToRegistry   scope: null,
12 silly mapToRegistry   escapedName: 'zmq',
12 silly mapToRegistry   name: 'zmq',
12 silly mapToRegistry   rawSpec: '',
12 silly mapToRegistry   spec: 'latest',
12 silly mapToRegistry   type: 'tag' }
13 silly mapToRegistry uri https://registry.npmjs.org/zmq
14 verbose request uri https://registry.npmjs.org/zmq
15 verbose request no auth needed
16 info attempt registry request try #1 at 10:27:06 PM
17 verbose request id 473029594d789a9c
18 http request GET https://registry.npmjs.org/zmq
19 http 200 https://registry.npmjs.org/zmq
20 verbose headers { 'content-type': 'application/json; charset=UTF-8',
20 verbose headers   server: 'UploadServer',
20 verbose headers   'cache-control': 'max-age=300',
20 verbose headers   'last-modified': 'Wed, 7 Mar 2018 7:36:21 GMT',
20 verbose headers   etag: '"5a9f9675-141f0"',
20 verbose headers   'x-npm-region': 'EU-West',
20 verbose headers   'content-encoding': 'gzip',
20 verbose headers   'content-length': '8121',
20 verbose headers   'accept-ranges': 'bytes',
20 verbose headers   date: 'Sun, 18 Mar 2018 22:27:06 GMT',
20 verbose headers   via: '1.1 varnish',
20 verbose headers   age: '5584',
20 verbose headers   connection: 'keep-alive',
20 verbose headers   'x-served-by': 'cache-lcy19228-LCY',
20 verbose headers   'x-cache': 'HIT',
20 verbose headers   'x-cache-hits': '1',
20 verbose headers   'x-timer': 'S1521412027.702570,VS0,VE1',
20 verbose headers   vary: 'Accept-Encoding, Accept' }
21 silly get cb [ 200,
21 silly get   { 'content-type': 'application/json; charset=UTF-8',
21 silly get     server: 'UploadServer',
21 silly get     'cache-control': 'max-age=300',
21 silly get     'last-modified': 'Wed, 7 Mar 2018 7:36:21 GMT',
21 silly get     etag: '"5a9f9675-141f0"',
21 silly get     'x-npm-region': 'EU-West',
21 silly get     'content-encoding': 'gzip',
21 silly get     'content-length': '8121',
21 silly get     'accept-ranges': 'bytes',
21 silly get     date: 'Sun, 18 Mar 2018 22:27:06 GMT',
21 silly get     via: '1.1 varnish',
21 silly get     age: '5584',
21 silly get     connection: 'keep-alive',
21 silly get     'x-served-by': 'cache-lcy19228-LCY',
21 silly get     'x-cache': 'HIT',
21 silly get     'x-cache-hits': '1',
21 silly get     'x-timer': 'S1521412027.702570,VS0,VE1',
21 silly get     vary: 'Accept-Encoding, Accept' } ]
22 verbose get saving zmq to /Users/murphyj/.npm/registry.npmjs.org/zmq/.cache.json
23 verbose correctMkdir /Users/murphyj/.npm correctMkdir not in flight; initializing
24 silly install normalizeTree
25 silly loadCurrentTree Finishing
26 silly loadIdealTree Starting
27 silly install loadIdealTree
28 silly cloneCurrentTree Starting
29 silly install cloneCurrentTreeToIdealTree
30 silly cloneCurrentTree Finishing
31 silly loadShrinkwrap Starting
32 silly install loadShrinkwrap
33 silly loadShrinkwrap Finishing
34 silly loadAllDepsIntoIdealTree Starting
35 silly install loadAllDepsIntoIdealTree
36 silly resolveWithNewModule zmq@2.15.3 checking installable status
37 silly cache add args [ 'zmq', null ]
38 verbose cache add spec zmq
39 silly cache add parsed spec Result {
39 silly cache add   raw: 'zmq',
39 silly cache add   scope: null,
39 silly cache add   escapedName: 'zmq',
39 silly cache add   name: 'zmq',
39 silly cache add   rawSpec: '',
39 silly cache add   spec: 'latest',
39 silly cache add   type: 'tag' }
40 silly addNamed zmq@latest
41 verbose addNamed "latest" is being treated as a dist-tag for zmq
42 info addNameTag [ 'zmq', 'latest' ]
43 silly mapToRegistry name zmq
44 silly mapToRegistry using default registry
45 silly mapToRegistry registry https://registry.npmjs.org/
46 silly mapToRegistry data Result {
46 silly mapToRegistry   raw: 'zmq',
46 silly mapToRegistry   scope: null,
46 silly mapToRegistry   escapedName: 'zmq',
46 silly mapToRegistry   name: 'zmq',
46 silly mapToRegistry   rawSpec: '',
46 silly mapToRegistry   spec: 'latest',
46 silly mapToRegistry   type: 'tag' }
47 silly mapToRegistry uri https://registry.npmjs.org/zmq
48 verbose addNameTag registry:https://registry.npmjs.org/zmq not in flight; fetching
49 verbose get https://registry.npmjs.org/zmq not expired, no request
50 silly addNameTag next cb for zmq with tag latest
51 silly addNamed zmq@2.15.3
52 verbose addNamed "2.15.3" is a plain semver version for zmq
53 silly mapToRegistry name zmq
54 silly mapToRegistry using default registry
55 silly mapToRegistry registry https://registry.npmjs.org/
56 silly mapToRegistry data Result {
56 silly mapToRegistry   raw: 'zmq',
56 silly mapToRegistry   scope: null,
56 silly mapToRegistry   escapedName: 'zmq',
56 silly mapToRegistry   name: 'zmq',
56 silly mapToRegistry   rawSpec: '',
56 silly mapToRegistry   spec: 'latest',
56 silly mapToRegistry   type: 'tag' }
57 silly mapToRegistry uri https://registry.npmjs.org/zmq
58 verbose addRemoteTarball https://registry.npmjs.org/zmq/-/zmq-2.15.3.tgz not in flight; adding
59 verbose addRemoteTarball [ 'https://registry.npmjs.org/zmq/-/zmq-2.15.3.tgz',
59 verbose addRemoteTarball   '66c6de82cc36b09734b820703776490a6fbbe624' ]
60 info retry fetch attempt 1 at 10:27:06 PM
61 info attempt registry request try #1 at 10:27:06 PM
62 http fetch GET https://registry.npmjs.org/zmq/-/zmq-2.15.3.tgz
63 http fetch 200 https://registry.npmjs.org/zmq/-/zmq-2.15.3.tgz
64 silly fetchAndShaCheck shasum 66c6de82cc36b09734b820703776490a6fbbe624
65 verbose addTmpTarball /var/folders/md/7tpv4zms76vbt_rfwnblq1r8jmz_vc/T/npm-68743-b1d3e187/registry.npmjs.org/zmq/-/zmq-2.15.3.tgz not in flight; adding
66 verbose addTmpTarball already have metadata; skipping unpack for zmq@2.15.3
67 verbose correctMkdir /Users/murphyj/.npm correctMkdir not in flight; initializing
68 silly cache afterAdd zmq@2.15.3
69 verbose afterAdd /Users/murphyj/.npm/zmq/2.15.3/package/package.json not in flight; writing
70 verbose correctMkdir /Users/murphyj/.npm correctMkdir not in flight; initializing
71 verbose afterAdd /Users/murphyj/.npm/zmq/2.15.3/package/package.json written
72 silly fetchNamedPackageData nan
73 silly mapToRegistry name nan
74 silly mapToRegistry using default registry
75 silly mapToRegistry registry https://registry.npmjs.org/
76 silly mapToRegistry data Result {
76 silly mapToRegistry   raw: 'nan',
76 silly mapToRegistry   scope: null,
76 silly mapToRegistry   escapedName: 'nan',
76 silly mapToRegistry   name: 'nan',
76 silly mapToRegistry   rawSpec: '',
76 silly mapToRegistry   spec: 'latest',
76 silly mapToRegistry   type: 'tag' }
77 silly mapToRegistry uri https://registry.npmjs.org/nan
78 silly fetchNamedPackageData bindings
79 silly mapToRegistry name bindings
80 silly mapToRegistry using default registry
81 silly mapToRegistry registry https://registry.npmjs.org/
82 silly mapToRegistry data Result {
82 silly mapToRegistry   raw: 'bindings',
82 silly mapToRegistry   scope: null,
82 silly mapToRegistry   escapedName: 'bindings',
82 silly mapToRegistry   name: 'bindings',
82 silly mapToRegistry   rawSpec: '',
82 silly mapToRegistry   spec: 'latest',
82 silly mapToRegistry   type: 'tag' }
83 silly mapToRegistry uri https://registry.npmjs.org/bindings
84 verbose request uri https://registry.npmjs.org/bindings
85 verbose request no auth needed
86 info attempt registry request try #1 at 10:27:07 PM
87 http request GET https://registry.npmjs.org/bindings
88 verbose request uri https://registry.npmjs.org/nan
89 verbose request no auth needed
90 info attempt registry request try #1 at 10:27:07 PM
91 verbose etag W/"59c33594-20237"
92 verbose lastModified Thu, 21 Sep 2017 03:44:20 GMT
93 http request GET https://registry.npmjs.org/nan
94 http 200 https://registry.npmjs.org/bindings
95 verbose headers { 'content-type': 'application/json; charset=UTF-8',
95 verbose headers   server: 'UploadServer',
95 verbose headers   'cache-control': 'max-age=300',
95 verbose headers   'last-modified': 'Tue, 30 Jan 2018 6:12:07 GMT',
95 verbose headers   etag: '"5a700cb7-4c53"',
95 verbose headers   'x-npm-region': 'EU-West',
95 verbose headers   'content-encoding': 'gzip',
95 verbose headers   'content-length': '3882',
95 verbose headers   'accept-ranges': 'bytes',
95 verbose headers   date: 'Sun, 18 Mar 2018 22:27:07 GMT',
95 verbose headers   via: '1.1 varnish',
95 verbose headers   age: '6973',
95 verbose headers   connection: 'keep-alive',
95 verbose headers   'x-served-by': 'cache-lcy19228-LCY',
95 verbose headers   'x-cache': 'HIT',
95 verbose headers   'x-cache-hits': '4',
95 verbose headers   'x-timer': 'S1521412027.050139,VS0,VE0',
95 verbose headers   vary: 'Accept-Encoding, Accept' }
96 silly get cb [ 200,
96 silly get   { 'content-type': 'application/json; charset=UTF-8',
96 silly get     server: 'UploadServer',
96 silly get     'cache-control': 'max-age=300',
96 silly get     'last-modified': 'Tue, 30 Jan 2018 6:12:07 GMT',
96 silly get     etag: '"5a700cb7-4c53"',
96 silly get     'x-npm-region': 'EU-West',
96 silly get     'content-encoding': 'gzip',
96 silly get     'content-length': '3882',
96 silly get     'accept-ranges': 'bytes',
96 silly get     date: 'Sun, 18 Mar 2018 22:27:07 GMT',
96 silly get     via: '1.1 varnish',
96 silly get     age: '6973',
96 silly get     connection: 'keep-alive',
96 silly get     'x-served-by': 'cache-lcy19228-LCY',
96 silly get     'x-cache': 'HIT',
96 silly get     'x-cache-hits': '4',
96 silly get     'x-timer': 'S1521412027.050139,VS0,VE0',
96 silly get     vary: 'Accept-Encoding, Accept' } ]
97 verbose get saving bindings to /Users/murphyj/.npm/registry.npmjs.org/bindings/.cache.json
98 verbose correctMkdir /Users/murphyj/.npm correctMkdir not in flight; initializing
99 silly resolveWithNewModule bindings@1.2.1 checking installable status
100 silly cache add args [ 'bindings@~1.2.1', null ]
101 verbose cache add spec bindings@~1.2.1
102 silly cache add parsed spec Result {
102 silly cache add   raw: 'bindings@~1.2.1',
102 silly cache add   scope: null,
102 silly cache add   escapedName: 'bindings',
102 silly cache add   name: 'bindings',
102 silly cache add   rawSpec: '~1.2.1',
102 silly cache add   spec: '>=1.2.1 <1.3.0',
102 silly cache add   type: 'range' }
103 silly addNamed bindings@>=1.2.1 <1.3.0
104 verbose addNamed ">=1.2.1 <1.3.0" is a valid semver range for bindings
105 silly addNameRange { name: 'bindings', range: '>=1.2.1 <1.3.0', hasData: false }
106 silly mapToRegistry name bindings
107 silly mapToRegistry using default registry
108 silly mapToRegistry registry https://registry.npmjs.org/
109 silly mapToRegistry data Result {
109 silly mapToRegistry   raw: 'bindings',
109 silly mapToRegistry   scope: null,
109 silly mapToRegistry   escapedName: 'bindings',
109 silly mapToRegistry   name: 'bindings',
109 silly mapToRegistry   rawSpec: '',
109 silly mapToRegistry   spec: 'latest',
109 silly mapToRegistry   type: 'tag' }
110 silly mapToRegistry uri https://registry.npmjs.org/bindings
111 verbose addNameRange registry:https://registry.npmjs.org/bindings not in flight; fetching
112 verbose get https://registry.npmjs.org/bindings not expired, no request
113 silly addNameRange number 2 { name: 'bindings', range: '>=1.2.1 <1.3.0', hasData: true }
114 silly addNameRange versions [ 'bindings',
114 silly addNameRange   [ '0.0.1',
114 silly addNameRange     '0.1.0',
114 silly addNameRange     '0.1.1',
114 silly addNameRange     '0.2.0',
114 silly addNameRange     '0.2.1',
114 silly addNameRange     '0.2.2',
114 silly addNameRange     '0.2.3',
114 silly addNameRange     '0.2.4',
114 silly addNameRange     '0.3.0',
114 silly addNameRange     '0.4.0',
114 silly addNameRange     '1.0.0',
114 silly addNameRange     '1.1.0',
114 silly addNameRange     '1.1.1',
114 silly addNameRange     '1.2.0',
114 silly addNameRange     '1.2.1',
114 silly addNameRange     '1.3.0' ] ]
115 silly addNamed bindings@1.2.1
116 verbose addNamed "1.2.1" is a plain semver version for bindings
117 silly mapToRegistry name bindings
118 silly mapToRegistry using default registry
119 silly mapToRegistry registry https://registry.npmjs.org/
120 silly mapToRegistry data Result {
120 silly mapToRegistry   raw: 'bindings',
120 silly mapToRegistry   scope: null,
120 silly mapToRegistry   escapedName: 'bindings',
120 silly mapToRegistry   name: 'bindings',
120 silly mapToRegistry   rawSpec: '',
120 silly mapToRegistry   spec: 'latest',
120 silly mapToRegistry   type: 'tag' }
121 silly mapToRegistry uri https://registry.npmjs.org/bindings
122 verbose addRemoteTarball https://registry.npmjs.org/bindings/-/bindings-1.2.1.tgz not in flight; adding
123 verbose addRemoteTarball [ 'https://registry.npmjs.org/bindings/-/bindings-1.2.1.tgz',
123 verbose addRemoteTarball   '14ad6113812d2d37d72e67b4cacb4bb726505f11' ]
124 info retry fetch attempt 1 at 10:27:07 PM
125 info attempt registry request try #1 at 10:27:07 PM
126 http fetch GET https://registry.npmjs.org/bindings/-/bindings-1.2.1.tgz
127 http fetch 200 https://registry.npmjs.org/bindings/-/bindings-1.2.1.tgz
128 silly fetchAndShaCheck shasum 14ad6113812d2d37d72e67b4cacb4bb726505f11
129 verbose addTmpTarball /var/folders/md/7tpv4zms76vbt_rfwnblq1r8jmz_vc/T/npm-68743-b1d3e187/registry.npmjs.org/bindings/-/bindings-1.2.1.tgz not in flight; adding
130 verbose addTmpTarball already have metadata; skipping unpack for bindings@1.2.1
131 verbose correctMkdir /Users/murphyj/.npm correctMkdir not in flight; initializing
132 silly cache afterAdd bindings@1.2.1
133 verbose afterAdd /Users/murphyj/.npm/bindings/1.2.1/package/package.json not in flight; writing
134 verbose correctMkdir /Users/murphyj/.npm correctMkdir not in flight; initializing
135 verbose afterAdd /Users/murphyj/.npm/bindings/1.2.1/package/package.json written
136 http 200 https://registry.npmjs.org/nan
137 verbose headers { 'content-type': 'application/json; charset=UTF-8',
137 verbose headers   server: 'UploadServer',
137 verbose headers   'cache-control': 'max-age=300',
137 verbose headers   'last-modified': 'Fri, 16 Mar 2018 16:11:51 GMT',
137 verbose headers   etag: '"5aabecc7-229f2"',
137 verbose headers   'x-npm-region': 'EU-West',
137 verbose headers   'content-encoding': 'gzip',
137 verbose headers   'content-length': '16937',
137 verbose headers   'accept-ranges': 'bytes',
137 verbose headers   date: 'Sun, 18 Mar 2018 22:27:07 GMT',
137 verbose headers   via: '1.1 varnish',
137 verbose headers   age: '7680',
137 verbose headers   connection: 'keep-alive',
137 verbose headers   'x-served-by': 'cache-lcy19232-LCY',
137 verbose headers   'x-cache': 'HIT',
137 verbose headers   'x-cache-hits': '7',
137 verbose headers   'x-timer': 'S1521412027.102979,VS0,VE0',
137 verbose headers   vary: 'Accept-Encoding, Accept' }
138 silly get cb [ 200,
138 silly get   { 'content-type': 'application/json; charset=UTF-8',
138 silly get     server: 'UploadServer',
138 silly get     'cache-control': 'max-age=300',
138 silly get     'last-modified': 'Fri, 16 Mar 2018 16:11:51 GMT',
138 silly get     etag: '"5aabecc7-229f2"',
138 silly get     'x-npm-region': 'EU-West',
138 silly get     'content-encoding': 'gzip',
138 silly get     'content-length': '16937',
138 silly get     'accept-ranges': 'bytes',
138 silly get     date: 'Sun, 18 Mar 2018 22:27:07 GMT',
138 silly get     via: '1.1 varnish',
138 silly get     age: '7680',
138 silly get     connection: 'keep-alive',
138 silly get     'x-served-by': 'cache-lcy19232-LCY',
138 silly get     'x-cache': 'HIT',
138 silly get     'x-cache-hits': '7',
138 silly get     'x-timer': 'S1521412027.102979,VS0,VE0',
138 silly get     vary: 'Accept-Encoding, Accept' } ]
139 verbose get saving nan to /Users/murphyj/.npm/registry.npmjs.org/nan/.cache.json
140 verbose correctMkdir /Users/murphyj/.npm correctMkdir not in flight; initializing
141 silly resolveWithNewModule nan@2.3.5 checking installable status
142 silly cache add args [ 'nan@~2.3.0', null ]
143 verbose cache add spec nan@~2.3.0
144 silly cache add parsed spec Result {
144 silly cache add   raw: 'nan@~2.3.0',
144 silly cache add   scope: null,
144 silly cache add   escapedName: 'nan',
144 silly cache add   name: 'nan',
144 silly cache add   rawSpec: '~2.3.0',
144 silly cache add   spec: '>=2.3.0 <2.4.0',
144 silly cache add   type: 'range' }
145 silly addNamed nan@>=2.3.0 <2.4.0
146 verbose addNamed ">=2.3.0 <2.4.0" is a valid semver range for nan
147 silly addNameRange { name: 'nan', range: '>=2.3.0 <2.4.0', hasData: false }
148 silly mapToRegistry name nan
149 silly mapToRegistry using default registry
150 silly mapToRegistry registry https://registry.npmjs.org/
151 silly mapToRegistry data Result {
151 silly mapToRegistry   raw: 'nan',
151 silly mapToRegistry   scope: null,
151 silly mapToRegistry   escapedName: 'nan',
151 silly mapToRegistry   name: 'nan',
151 silly mapToRegistry   rawSpec: '',
151 silly mapToRegistry   spec: 'latest',
151 silly mapToRegistry   type: 'tag' }
152 silly mapToRegistry uri https://registry.npmjs.org/nan
153 verbose addNameRange registry:https://registry.npmjs.org/nan not in flight; fetching
154 verbose get https://registry.npmjs.org/nan not expired, no request
155 silly addNameRange number 2 { name: 'nan', range: '>=2.3.0 <2.4.0', hasData: true }
156 silly addNameRange versions [ 'nan',
156 silly addNameRange   [ '0.3.0-wip',
156 silly addNameRange     '0.3.0-wip2',
156 silly addNameRange     '0.3.0',
156 silly addNameRange     '0.3.1',
156 silly addNameRange     '0.3.2',
156 silly addNameRange     '0.4.0',
156 silly addNameRange     '0.4.1',
156 silly addNameRange     '0.4.2',
156 silly addNameRange     '0.4.3',
156 silly addNameRange     '0.4.4',
156 silly addNameRange     '0.5.0',
156 silly addNameRange     '0.5.1',
156 silly addNameRange     '0.5.2',
156 silly addNameRange     '0.6.0',
156 silly addNameRange     '0.7.0',
156 silly addNameRange     '0.7.1',
156 silly addNameRange     '0.8.0',
156 silly addNameRange     '1.0.0',
156 silly addNameRange     '1.1.0',
156 silly addNameRange     '1.1.1',
156 silly addNameRange     '1.1.2',
156 silly addNameRange     '1.2.0',
156 silly addNameRange     '1.3.0',
156 silly addNameRange     '1.4.0',
156 silly addNameRange     '1.4.1',
156 silly addNameRange     '1.5.0',
156 silly addNameRange     '1.4.2',
156 silly addNameRange     '1.4.3',
156 silly addNameRange     '1.5.1',
156 silly addNameRange     '1.5.2',
156 silly addNameRange     '1.6.0',
156 silly addNameRange     '1.5.3',
156 silly addNameRange     '1.6.1',
156 silly addNameRange     '1.6.2',
156 silly addNameRange     '1.7.0',
156 silly addNameRange     '1.8.0',
156 silly addNameRange     '1.8.1',
156 silly addNameRange     '1.8.2',
156 silly addNameRange     '1.8.3',
156 silly addNameRange     '1.8.4',
156 silly addNameRange     '1.9.0',
156 silly addNameRange     '2.0.0',
156 silly addNameRange     '2.0.1',
156 silly addNameRange     '2.0.2',
156 silly addNameRange     '2.0.3',
156 silly addNameRange     '2.0.4',
156 silly addNameRange     '2.0.5',
156 silly addNameRange     '2.0.6',
156 silly addNameRange     '2.0.7',
156 silly addNameRange     '2.0.8',
156 silly addNameRange     '2.0.9',
156 silly addNameRange     '2.1.0',
156 silly addNameRange     '2.2.0',
156 silly addNameRange     '2.2.1',
156 silly addNameRange     '2.3.0',
156 silly addNameRange     '2.3.1',
156 silly addNameRange     '2.3.2',
156 silly addNameRange     '2.3.3',
156 silly addNameRange     '2.3.4',
156 silly addNameRange     '2.3.5',
156 silly addNameRange     '2.4.0',
156 silly addNameRange     '2.5.0',
156 silly addNameRange     '2.5.1',
156 silly addNameRange     '2.6.0',
156 silly addNameRange     '2.6.1',
156 silly addNameRange     '2.6.2',
156 silly addNameRange     '2.7.0',
156 silly addNameRange     '2.8.0',
156 silly addNameRange     '2.9.1',
156 silly addNameRange     '2.9.2',
156 silly addNameRange     '2.10.0' ] ]
157 silly addNamed nan@2.3.5
158 verbose addNamed "2.3.5" is a plain semver version for nan
159 silly cache afterAdd nan@2.3.5
160 verbose afterAdd /Users/murphyj/.npm/nan/2.3.5/package/package.json not in flight; writing
161 verbose correctMkdir /Users/murphyj/.npm correctMkdir not in flight; initializing
162 verbose afterAdd /Users/murphyj/.npm/nan/2.3.5/package/package.json written
163 silly loadAllDepsIntoIdealTree Finishing
164 silly loadIdealTree Finishing
165 silly currentTree zmq-middlware-manager@1.0.0
166 silly idealTree zmq-middlware-manager@1.0.0
166 silly idealTree ├── bindings@1.2.1
166 silly idealTree ├── nan@2.3.5
166 silly idealTree └── zmq@2.15.3
167 silly generateActionsToTake Starting
168 silly install generateActionsToTake
169 silly generateActionsToTake Finishing
170 silly diffTrees action count 3
171 silly diffTrees add bindings@1.2.1
172 silly diffTrees add nan@2.3.5
173 silly diffTrees add zmq@2.15.3
174 silly decomposeActions action count 24
175 silly decomposeActions fetch bindings@1.2.1
176 silly decomposeActions extract bindings@1.2.1
177 silly decomposeActions test bindings@1.2.1
178 silly decomposeActions preinstall bindings@1.2.1
179 silly decomposeActions build bindings@1.2.1
180 silly decomposeActions install bindings@1.2.1
181 silly decomposeActions postinstall bindings@1.2.1
182 silly decomposeActions finalize bindings@1.2.1
183 silly decomposeActions fetch nan@2.3.5
184 silly decomposeActions extract nan@2.3.5
185 silly decomposeActions test nan@2.3.5
186 silly decomposeActions preinstall nan@2.3.5
187 silly decomposeActions build nan@2.3.5
188 silly decomposeActions install nan@2.3.5
189 silly decomposeActions postinstall nan@2.3.5
190 silly decomposeActions finalize nan@2.3.5
191 silly decomposeActions fetch zmq@2.15.3
192 silly decomposeActions extract zmq@2.15.3
193 silly decomposeActions test zmq@2.15.3
194 silly decomposeActions preinstall zmq@2.15.3
195 silly decomposeActions build zmq@2.15.3
196 silly decomposeActions install zmq@2.15.3
197 silly decomposeActions postinstall zmq@2.15.3
198 silly decomposeActions finalize zmq@2.15.3
199 silly executeActions Starting
200 silly install executeActions
201 silly doSerial global-install 0
202 silly doParallel fetch 3
203 verbose correctMkdir /Users/murphyj/.npm/_locks correctMkdir not in flight; initializing
204 verbose lock using /Users/murphyj/.npm/_locks/staging-345d3f75755da0c6.lock for /Users/murphyj/Development/Packt/Chapter06/demos/14_middleware_manager/node_modules/.staging
205 silly doParallel extract 3
206 silly extract bindings@1.2.1
207 silly extract nan@2.3.5
208 silly extract zmq@2.15.3
209 verbose unbuild node_modules/.staging/bindings-f67b389c
210 verbose unbuild node_modules/.staging/nan-8d068a40
211 verbose unbuild node_modules/.staging/zmq-7b204b77
212 silly gentlyRm /Users/murphyj/Development/Packt/Chapter06/demos/14_middleware_manager/node_modules/.staging/bindings-f67b389c is being purged from base /Users/murphyj/Development/Packt/Chapter06/demos/14_middleware_manager
213 verbose gentlyRm don't care about contents; nuking /Users/murphyj/Development/Packt/Chapter06/demos/14_middleware_manager/node_modules/.staging/bindings-f67b389c
214 silly gentlyRm /Users/murphyj/Development/Packt/Chapter06/demos/14_middleware_manager/node_modules/.staging/nan-8d068a40 is being purged from base /Users/murphyj/Development/Packt/Chapter06/demos/14_middleware_manager
215 verbose gentlyRm don't care about contents; nuking /Users/murphyj/Development/Packt/Chapter06/demos/14_middleware_manager/node_modules/.staging/nan-8d068a40
216 verbose tar unpack /Users/murphyj/.npm/bindings/1.2.1/package.tgz
217 verbose tar unpacking to /Users/murphyj/Development/Packt/Chapter06/demos/14_middleware_manager/node_modules/.staging/bindings-f67b389c
218 silly gentlyRm /Users/murphyj/Development/Packt/Chapter06/demos/14_middleware_manager/node_modules/.staging/bindings-f67b389c is being purged
219 verbose gentlyRm don't care about contents; nuking /Users/murphyj/Development/Packt/Chapter06/demos/14_middleware_manager/node_modules/.staging/bindings-f67b389c
220 silly gentlyRm /Users/murphyj/Development/Packt/Chapter06/demos/14_middleware_manager/node_modules/.staging/zmq-7b204b77 is being purged from base /Users/murphyj/Development/Packt/Chapter06/demos/14_middleware_manager
221 verbose gentlyRm don't care about contents; nuking /Users/murphyj/Development/Packt/Chapter06/demos/14_middleware_manager/node_modules/.staging/zmq-7b204b77
222 verbose tar unpack /Users/murphyj/.npm/nan/2.3.5/package.tgz
223 verbose tar unpacking to /Users/murphyj/Development/Packt/Chapter06/demos/14_middleware_manager/node_modules/.staging/nan-8d068a40
224 silly gentlyRm /Users/murphyj/Development/Packt/Chapter06/demos/14_middleware_manager/node_modules/.staging/nan-8d068a40 is being purged
225 verbose gentlyRm don't care about contents; nuking /Users/murphyj/Development/Packt/Chapter06/demos/14_middleware_manager/node_modules/.staging/nan-8d068a40
226 silly gunzTarPerm modes [ '755', '644' ]
227 verbose tar unpack /Users/murphyj/.npm/zmq/2.15.3/package.tgz
228 verbose tar unpacking to /Users/murphyj/Development/Packt/Chapter06/demos/14_middleware_manager/node_modules/.staging/zmq-7b204b77
229 silly gentlyRm /Users/murphyj/Development/Packt/Chapter06/demos/14_middleware_manager/node_modules/.staging/zmq-7b204b77 is being purged
230 verbose gentlyRm don't care about contents; nuking /Users/murphyj/Development/Packt/Chapter06/demos/14_middleware_manager/node_modules/.staging/zmq-7b204b77
231 silly gunzTarPerm modes [ '755', '644' ]
232 silly gunzTarPerm modes [ '755', '644' ]
233 silly gunzTarPerm extractEntry package.json
234 silly gunzTarPerm extractEntry package.json
235 silly gunzTarPerm modified mode [ 'package.json', 436, 420 ]
236 silly gunzTarPerm extractEntry package.json
237 silly gunzTarPerm extractEntry README.md
238 silly gunzTarPerm extractEntry bindings.js
239 silly gunzTarPerm extractEntry README.md
240 silly gunzTarPerm modified mode [ 'README.md', 436, 420 ]
241 silly gunzTarPerm extractEntry .npmignore
242 silly gunzTarPerm extractEntry README.md
243 silly gunzTarPerm extractEntry include_dirs.js
244 silly gunzTarPerm modified mode [ 'include_dirs.js', 436, 420 ]
245 silly gunzTarPerm extractEntry LICENSE
246 silly gunzTarPerm extractEntry index.js
247 silly gunzTarPerm extractEntry nan_converters.h
248 silly gunzTarPerm modified mode [ 'nan_converters.h', 436, 420 ]
249 silly gunzTarPerm extractEntry LICENSE.md
250 silly gunzTarPerm modified mode [ 'LICENSE.md', 436, 420 ]
251 silly gunzTarPerm extractEntry doc/node_misc.md
252 silly gunzTarPerm modified mode [ 'doc/node_misc.md', 436, 420 ]
253 silly gunzTarPerm extractEntry doc/asyncworker.md
254 silly gunzTarPerm modified mode [ 'doc/asyncworker.md', 436, 420 ]
255 silly gunzTarPerm extractEntry binding.gyp
256 silly gunzTarPerm extractEntry Makefile
257 silly gunzTarPerm extractEntry doc/callback.md
258 silly gunzTarPerm modified mode [ 'doc/callback.md', 436, 420 ]
259 silly gunzTarPerm extractEntry doc/converters.md
260 silly gunzTarPerm modified mode [ 'doc/converters.md', 436, 420 ]
261 silly gunzTarPerm extractEntry .travis.yml
262 silly gunzTarPerm extractEntry appveyor.yml
263 silly gunzTarPerm extractEntry doc/errors.md
264 silly gunzTarPerm modified mode [ 'doc/errors.md', 436, 420 ]
265 silly gunzTarPerm extractEntry doc/maybe_types.md
266 silly gunzTarPerm modified mode [ 'doc/maybe_types.md', 436, 420 ]
267 silly gunzTarPerm extractEntry doc/methods.md
268 silly gunzTarPerm modified mode [ 'doc/methods.md', 436, 420 ]
269 silly gunzTarPerm extractEntry doc/new.md
270 silly gunzTarPerm modified mode [ 'doc/new.md', 436, 420 ]
271 silly gunzTarPerm extractEntry binding.cc
272 silly gunzTarPerm extractEntry examples/dealer_router.js
273 silly gentlyRm /Users/murphyj/Development/Packt/Chapter06/demos/14_middleware_manager/node_modules/.staging/bindings-f67b389c/node_modules is being purged
274 verbose gentlyRm don't care about contents; nuking /Users/murphyj/Development/Packt/Chapter06/demos/14_middleware_manager/node_modules/.staging/bindings-f67b389c/node_modules
275 silly gunzTarPerm extractEntry examples/pub_sub.js
276 silly gunzTarPerm extractEntry examples/push_pull.js
277 silly gunzTarPerm extractEntry doc/buffers.md
278 silly gunzTarPerm modified mode [ 'doc/buffers.md', 436, 420 ]
279 silly gunzTarPerm extractEntry doc/object_wrappers.md
280 silly gunzTarPerm modified mode [ 'doc/object_wrappers.md', 436, 420 ]
281 silly gunzTarPerm extractEntry examples/rep_req.js
282 silly gunzTarPerm extractEntry examples/req_rep.js
283 silly gunzTarPerm extractEntry doc/persistent.md
284 silly gunzTarPerm modified mode [ 'doc/persistent.md', 436, 420 ]
285 silly gunzTarPerm extractEntry doc/scopes.md
286 silly gunzTarPerm modified mode [ 'doc/scopes.md', 436, 420 ]
287 silly gunzTarPerm extractEntry examples/router_dealer.js
288 silly gunzTarPerm extractEntry examples/rpc.js
289 silly gunzTarPerm extractEntry doc/script.md
290 silly gunzTarPerm modified mode [ 'doc/script.md', 436, 420 ]
291 silly gunzTarPerm extractEntry doc/string_bytes.md
292 silly gunzTarPerm modified mode [ 'doc/string_bytes.md', 436, 420 ]
293 silly gunzTarPerm extractEntry examples/devices/forwarder.js
294 silly gunzTarPerm extractEntry examples/devices/queue.js
295 silly gunzTarPerm extractEntry doc/v8_internals.md
296 silly gunzTarPerm modified mode [ 'doc/v8_internals.md', 436, 420 ]
297 silly gunzTarPerm extractEntry doc/v8_misc.md
298 silly gunzTarPerm modified mode [ 'doc/v8_misc.md', 436, 420 ]
299 silly gunzTarPerm extractEntry nan.h
300 silly gunzTarPerm modified mode [ 'nan.h', 436, 420 ]
301 silly gunzTarPerm extractEntry nan_callbacks.h
302 silly gunzTarPerm modified mode [ 'nan_callbacks.h', 436, 420 ]
303 silly gunzTarPerm extractEntry nan_callbacks_12_inl.h
304 silly gunzTarPerm modified mode [ 'nan_callbacks_12_inl.h', 436, 420 ]
305 silly gunzTarPerm extractEntry nan_callbacks_pre_12_inl.h
306 silly gunzTarPerm modified mode [ 'nan_callbacks_pre_12_inl.h', 436, 420 ]
307 silly gunzTarPerm extractEntry nan_converters_43_inl.h
308 silly gunzTarPerm modified mode [ 'nan_converters_43_inl.h', 436, 420 ]
309 silly gunzTarPerm extractEntry nan_converters_pre_43_inl.h
310 silly gunzTarPerm modified mode [ 'nan_converters_pre_43_inl.h', 436, 420 ]
311 silly gunzTarPerm extractEntry nan_implementation_12_inl.h
312 silly gunzTarPerm modified mode [ 'nan_implementation_12_inl.h', 436, 420 ]
313 silly gunzTarPerm extractEntry nan_implementation_pre_12_inl.h
314 silly gunzTarPerm modified mode [ 'nan_implementation_pre_12_inl.h', 436, 420 ]
315 silly gunzTarPerm extractEntry nan_maybe_43_inl.h
316 silly gunzTarPerm modified mode [ 'nan_maybe_43_inl.h', 436, 420 ]
317 silly gunzTarPerm extractEntry nan_maybe_pre_43_inl.h
318 silly gunzTarPerm modified mode [ 'nan_maybe_pre_43_inl.h', 436, 420 ]
319 silly gunzTarPerm extractEntry nan_new.h
320 silly gunzTarPerm modified mode [ 'nan_new.h', 436, 420 ]
321 silly gunzTarPerm extractEntry nan_object_wrap.h
322 silly gunzTarPerm modified mode [ 'nan_object_wrap.h', 436, 420 ]
323 silly gunzTarPerm extractEntry nan_persistent_12_inl.h
324 silly gunzTarPerm modified mode [ 'nan_persistent_12_inl.h', 436, 420 ]
325 silly gunzTarPerm extractEntry nan_persistent_pre_12_inl.h
326 silly gunzTarPerm modified mode [ 'nan_persistent_pre_12_inl.h', 436, 420 ]
327 silly gunzTarPerm extractEntry nan_string_bytes.h
328 silly gunzTarPerm modified mode [ 'nan_string_bytes.h', 436, 420 ]
329 silly gunzTarPerm extractEntry nan_typedarray_contents.h
330 silly gunzTarPerm modified mode [ 'nan_typedarray_contents.h', 436, 420 ]
331 silly gunzTarPerm extractEntry nan_weak.h
332 silly gunzTarPerm modified mode [ 'nan_weak.h', 436, 420 ]
333 silly gunzTarPerm extractEntry CHANGELOG.md
334 silly gunzTarPerm modified mode [ 'CHANGELOG.md', 436, 420 ]
335 silly gunzTarPerm extractEntry tools/package.json
336 silly gunzTarPerm modified mode [ 'tools/package.json', 436, 420 ]
337 silly gunzTarPerm extractEntry tools/README.md
338 silly gunzTarPerm modified mode [ 'tools/README.md', 436, 420 ]
339 silly gunzTarPerm extractEntry tools/1to2.js
340 silly gunzTarPerm modified mode [ 'tools/1to2.js', 509, 493 ]
341 silly gunzTarPerm extractEntry examples/devices/streamer.js
342 silly gunzTarPerm extractEntry examples/workers/producer.js
343 silly gunzTarPerm extractEntry examples/workers/worker.js
344 silly gunzTarPerm extractEntry History.md
345 silly gunzTarPerm extractEntry lib/index.js
346 silly gunzTarPerm extractEntry test/context.js
347 silly gunzTarPerm extractEntry test/socket.monitor.js
348 silly gunzTarPerm extractEntry test/socket.pair.js
349 silly gunzTarPerm extractEntry test/socket.pub-sub.js
350 silly gunzTarPerm extractEntry test/socket.messages.js
351 silly gunzTarPerm extractEntry test/exports.js
352 silly gunzTarPerm extractEntry test/socket.router.js
353 silly gunzTarPerm extractEntry test/socket.stream.js
354 silly gunzTarPerm extractEntry test/socket.unbind.js
355 silly gunzTarPerm extractEntry test/socket.xpub-xsub.js
356 silly gunzTarPerm extractEntry test/socket.js
357 silly gunzTarPerm extractEntry test/socket.zap.js
358 silly gunzTarPerm extractEntry test/socket.events.js
359 silly gunzTarPerm extractEntry test/zap.js
360 silly gunzTarPerm extractEntry test/socket.error-callback.js
361 silly gunzTarPerm extractEntry test/zmq_proxy.js
362 silly gunzTarPerm extractEntry test/zmq_proxy.xpub-xsub.js
363 silly gunzTarPerm extractEntry test/zmq_proxy.push-pull.js
364 silly gunzTarPerm extractEntry test/gc.js
365 silly gunzTarPerm extractEntry test/zmq_proxy.router-dealer.js
366 silly gunzTarPerm extractEntry test/socket.push-pull.js
367 silly gunzTarPerm extractEntry test/zmq_proxy.xrep-xreq.js
368 silly gunzTarPerm extractEntry test/socket.req-rep.js
369 silly gunzTarPerm extractEntry test/mocha.opts
370 silly gunzTarPerm extractEntry .editorconfig
371 silly gunzTarPerm extractEntry perf/local_lat.js
372 silly gunzTarPerm extractEntry perf/local_thr.js
373 silly gunzTarPerm extractEntry perf/remote_lat.js
374 silly gunzTarPerm extractEntry perf/remote_thr.js
375 silly gunzTarPerm extractEntry windows/include/zmq.h
376 silly gunzTarPerm extractEntry windows/include/zmq_utils.h
377 silly gunzTarPerm extractEntry windows/lib/x64/libzmq-v100-mt-4_0_4.dll
378 silly gunzTarPerm extractEntry windows/lib/x64/libzmq-v100-mt-4_0_4.lib
379 silly gunzTarPerm extractEntry windows/lib/x86/libzmq-v100-mt-4_0_4.dll
380 silly gunzTarPerm extractEntry windows/lib/x86/libzmq-v100-mt-4_0_4.lib
381 silly gentlyRm /Users/murphyj/Development/Packt/Chapter06/demos/14_middleware_manager/node_modules/.staging/nan-8d068a40/node_modules is being purged
382 verbose gentlyRm don't care about contents; nuking /Users/murphyj/Development/Packt/Chapter06/demos/14_middleware_manager/node_modules/.staging/nan-8d068a40/node_modules
383 silly gentlyRm /Users/murphyj/Development/Packt/Chapter06/demos/14_middleware_manager/node_modules/.staging/zmq-7b204b77/node_modules is being purged
384 verbose gentlyRm don't care about contents; nuking /Users/murphyj/Development/Packt/Chapter06/demos/14_middleware_manager/node_modules/.staging/zmq-7b204b77/node_modules
385 silly doParallel preinstall 3
386 silly preinstall bindings@1.2.1 /Users/murphyj/Development/Packt/Chapter06/demos/14_middleware_manager/node_modules/.staging/bindings-f67b389c
387 info lifecycle bindings@1.2.1~preinstall: bindings@1.2.1
388 silly preinstall nan@2.3.5 /Users/murphyj/Development/Packt/Chapter06/demos/14_middleware_manager/node_modules/.staging/nan-8d068a40
389 info lifecycle nan@2.3.5~preinstall: nan@2.3.5
390 silly preinstall zmq@2.15.3 /Users/murphyj/Development/Packt/Chapter06/demos/14_middleware_manager/node_modules/.staging/zmq-7b204b77
391 info lifecycle zmq@2.15.3~preinstall: zmq@2.15.3
392 silly lifecycle bindings@1.2.1~preinstall: no script for preinstall, continuing
393 silly lifecycle nan@2.3.5~preinstall: no script for preinstall, continuing
394 silly lifecycle zmq@2.15.3~preinstall: no script for preinstall, continuing
395 silly doReverseSerial remove 0
396 silly doSerial move 0
397 silly doSerial finalize 3
398 silly finalize /Users/murphyj/Development/Packt/Chapter06/demos/14_middleware_manager/node_modules/bindings
399 silly finalize /Users/murphyj/Development/Packt/Chapter06/demos/14_middleware_manager/node_modules/nan
400 silly finalize /Users/murphyj/Development/Packt/Chapter06/demos/14_middleware_manager/node_modules/zmq
401 silly doSerial build 3
402 silly build bindings@1.2.1
403 info linkStuff bindings@1.2.1
404 silly linkStuff bindings@1.2.1 has /Users/murphyj/Development/Packt/Chapter06/demos/14_middleware_manager/node_modules as its parent node_modules
405 verbose linkBins bindings@1.2.1
406 verbose linkMans bindings@1.2.1
407 silly build nan@2.3.5
408 info linkStuff nan@2.3.5
409 silly linkStuff nan@2.3.5 has /Users/murphyj/Development/Packt/Chapter06/demos/14_middleware_manager/node_modules as its parent node_modules
410 verbose linkBins nan@2.3.5
411 verbose linkMans nan@2.3.5
412 silly build zmq@2.15.3
413 info linkStuff zmq@2.15.3
414 silly linkStuff zmq@2.15.3 has /Users/murphyj/Development/Packt/Chapter06/demos/14_middleware_manager/node_modules as its parent node_modules
415 verbose linkBins zmq@2.15.3
416 verbose linkMans zmq@2.15.3
417 silly doSerial global-link 0
418 silly doParallel update-linked 0
419 silly doSerial install 3
420 silly install bindings@1.2.1 /Users/murphyj/Development/Packt/Chapter06/demos/14_middleware_manager/node_modules/.staging/bindings-f67b389c
421 info lifecycle bindings@1.2.1~install: bindings@1.2.1
422 silly lifecycle bindings@1.2.1~install: no script for install, continuing
423 silly install nan@2.3.5 /Users/murphyj/Development/Packt/Chapter06/demos/14_middleware_manager/node_modules/.staging/nan-8d068a40
424 info lifecycle nan@2.3.5~install: nan@2.3.5
425 silly lifecycle nan@2.3.5~install: no script for install, continuing
426 silly install zmq@2.15.3 /Users/murphyj/Development/Packt/Chapter06/demos/14_middleware_manager/node_modules/.staging/zmq-7b204b77
427 info lifecycle zmq@2.15.3~install: zmq@2.15.3
428 verbose lifecycle zmq@2.15.3~install: unsafe-perm in lifecycle true
429 verbose lifecycle zmq@2.15.3~install: PATH: /Users/murphyj/.nvm/versions/node/v6.3.1/lib/node_modules/npm/bin/node-gyp-bin:/Users/murphyj/Development/Packt/Chapter06/demos/14_middleware_manager/node_modules/zmq/node_modules/.bin:/Users/murphyj/Development/Packt/Chapter06/demos/14_middleware_manager/node_modules/.bin:/Users/murphyj/.nvm/versions/node/v6.3.1/bin:/Users/murphyj/.sdkman/candidates/springboot/current/bin:/Users/murphyj/.rvm/gems/ruby-2.1.1/bin:/Users/murphyj/.rvm/gems/ruby-2.1.1@global/bin:/Users/murphyj/.rvm/rubies/ruby-2.1.1/bin:/Users/murphyj/.nvm/versions/node/v6.3.1/bin:/Users/murphyj/Development/Tools/apache/maven/current/bin:/bin:/Users/murphyj/vendor/node_modules/bin:/Library/Frameworks/Python.framework/Versions/3.6/bin:/usr/local/bin:/usr/bin:/bin:/usr/sbin:/sbin:/usr/local/ec2/ec2-api-tools-1.7.5.1/bin:/usr/local/sbin:/usr/local/opt:/Library/Frameworks/Python.framework/Versions/3.6/bin:/Users/murphyj/.rvm/bin:/Users/murphyj/.rvm/bin:/Users/murphyj/.rvm/bin
430 verbose lifecycle zmq@2.15.3~install: CWD: /Users/murphyj/Development/Packt/Chapter06/demos/14_middleware_manager/node_modules/zmq
431 silly lifecycle zmq@2.15.3~install: Args: [ '-c', 'node-gyp rebuild' ]
432 silly lifecycle zmq@2.15.3~install: Returned: code: 1  signal: null
433 info lifecycle zmq@2.15.3~install: Failed to exec install script
434 verbose unlock done using /Users/murphyj/.npm/_locks/staging-345d3f75755da0c6.lock for /Users/murphyj/Development/Packt/Chapter06/demos/14_middleware_manager/node_modules/.staging
435 silly rollbackFailedOptional Starting
436 silly rollbackFailedOptional Finishing
437 silly runTopLevelLifecycles Starting
438 silly runTopLevelLifecycles Finishing
439 silly install printInstalled
440 warn zmq-middlware-manager@1.0.0 No repository field.
441 verbose stack Error: zmq@2.15.3 install: `node-gyp rebuild`
441 verbose stack Exit status 1
441 verbose stack     at EventEmitter.<anonymous> (/Users/murphyj/.nvm/versions/node/v6.3.1/lib/node_modules/npm/lib/utils/lifecycle.js:242:16)
441 verbose stack     at emitTwo (events.js:106:13)
441 verbose stack     at EventEmitter.emit (events.js:191:7)
441 verbose stack     at ChildProcess.<anonymous> (/Users/murphyj/.nvm/versions/node/v6.3.1/lib/node_modules/npm/lib/utils/spawn.js:40:14)
441 verbose stack     at emitTwo (events.js:106:13)
441 verbose stack     at ChildProcess.emit (events.js:191:7)
441 verbose stack     at maybeClose (internal/child_process.js:852:16)
441 verbose stack     at Process.ChildProcess._handle.onexit (internal/child_process.js:215:5)
442 verbose pkgid zmq@2.15.3
443 verbose cwd /Users/murphyj/Development/Packt/Chapter06/demos/14_middleware_manager
444 error Darwin 16.7.0
445 error argv "/Users/murphyj/.nvm/versions/node/v6.3.1/bin/node" "/Users/murphyj/.nvm/versions/node/v6.3.1/bin/npm" "install" "--save" "zmq"
446 error node v6.3.1
447 error npm  v3.10.3
448 error code ELIFECYCLE
449 error zmq@2.15.3 install: `node-gyp rebuild`
449 error Exit status 1
450 error Failed at the zmq@2.15.3 install script 'node-gyp rebuild'.
450 error Make sure you have the latest version of node.js and npm installed.
450 error If you do, this is most likely a problem with the zmq package,
450 error not with npm itself.
450 error Tell the author that this fails on your system:
450 error     node-gyp rebuild
450 error You can get information on how to open an issue for this project with:
450 error     npm bugs zmq
450 error Or if that isn't available, you can get their info via:
450 error     npm owner ls zmq
450 error There is likely additional logging output above.
451 verbose exit [ 1, true ]
